<?xml version="1.0" encoding="UTF-8"?>
<!-- Generated by org.testng.reporters.JUnitReportReporter -->
<testsuite skipped="0" hostname="LAPTOP-1GHGBMQ5" name="testCases.TestCase1" tests="1" failures="0" timestamp="2022-02-08T22:51:19 IST" time="0.001" errors="0">
  <testcase name="abcd" time="0.001" classname="testCases.TestCase1"/>
  <system-out/>
</testsuite> <!-- testCases.TestCase1 -->
